<?xml version="1.0" encoding="UTF-8"?>
<testsuite name="com.thejoeun.practice1.boilerplate1.mybatis.MybatisTest" tests="2" skipped="0" failures="0" errors="0" timestamp="2023-07-25T05:56:17" hostname="DESKTOP-FGQKVR9" time="0.052">
  <properties/>
  <testcase name="mybatis 사용 가능 여부 테스트" classname="com.thejoeun.practice1.boilerplate1.mybatis.MybatisTest" time="0.002"/>
  <testcase name="mybatis 사용 가능 여부 테스트2" classname="com.thejoeun.practice1.boilerplate1.mybatis.MybatisTest" time="0.048"/>
  <system-out><![CDATA[2023-07-25T14:56:17.648+09:00  INFO 19940 --- [    Test worker] t.c.s.AnnotationConfigContextLoaderUtils : Could not detect default configuration classes for test class [com.thejoeun.practice1.boilerplate1.mybatis.MybatisTest]: MybatisTest does not declare any static, non-private, non-final, nested classes annotated with @Configuration.
2023-07-25T14:56:17.665+09:00  INFO 19940 --- [    Test worker] .b.t.c.SpringBootTestContextBootstrapper : Found @SpringBootConfiguration com.thejoeun.practice1.boilerplate1.Boilerplate1Application for test class com.thejoeun.practice1.boilerplate1.mybatis.MybatisTest
]]></system-out>
  <system-err><![CDATA[]]></system-err>
</testsuite>
