<?xml version="1.0" encoding="UTF-8"?>
<testsuite name="com.thejoeun.practice1.boilerplate1.Boilerplate1ApplicationTests" tests="1" skipped="0" failures="0" errors="0" timestamp="2023-07-26T08:12:57" hostname="DESKTOP-7H5A484" time="0.213">
  <properties/>
  <testcase name="contextLoads()" classname="com.thejoeun.practice1.boilerplate1.Boilerplate1ApplicationTests" time="0.213"/>
  <system-out><![CDATA[17:12:52.322 [Test worker] DEBUG org.springframework.boot.test.context.SpringBootTestContextBootstrapper -- Neither @ContextConfiguration nor @ContextHierarchy found for test class [Boilerplate1ApplicationTests]: using SpringBootContextLoader
17:12:52.328 [Test worker] DEBUG org.springframework.test.context.support.AbstractContextLoader -- Could not detect default resource locations for test class [com.thejoeun.practice1.boilerplate1.Boilerplate1ApplicationTests]: no resource found for suffixes {-context.xml, Context.groovy}.
17:12:52.329 [Test worker] INFO org.springframework.test.context.support.AnnotationConfigContextLoaderUtils -- Could not detect default configuration classes for test class [com.thejoeun.practice1.boilerplate1.Boilerplate1ApplicationTests]: Boilerplate1ApplicationTests does not declare any static, non-private, non-final, nested classes annotated with @Configuration.
17:12:52.357 [Test worker] DEBUG org.springframework.boot.test.context.SpringBootTestContextBootstrapper -- Using ContextCustomizers for test class [Boilerplate1ApplicationTests]: [DisableObservabilityContextCustomizer, PropertyMappingContextCustomizer, Customizer, ExcludeFilterContextCustomizer, DuplicateJsonObjectContextCustomizer, MockitoContextCustomizer, TestRestTemplateContextCustomizer]
17:12:52.435 [Test worker] DEBUG org.springframework.context.annotation.ClassPathScanningCandidateComponentProvider -- Identified candidate component class: file [D:\springboot-study\thejoeun1-boilerplate1\java-spring\build\classes\java\main\com\thejoeun\practice1\boilerplate1\Boilerplate1Application.class]
17:12:52.437 [Test worker] INFO org.springframework.boot.test.context.SpringBootTestContextBootstrapper -- Found @SpringBootConfiguration com.thejoeun.practice1.boilerplate1.Boilerplate1Application for test class com.thejoeun.practice1.boilerplate1.Boilerplate1ApplicationTests
17:12:52.536 [Test worker] DEBUG org.springframework.test.context.util.TestContextSpringFactoriesUtils -- Skipping candidate TestExecutionListener [org.springframework.test.context.observation.MicrometerObservationRegistryTestExecutionListener] due to a missing dependency. Specify custom TestExecutionListener classes or make the default TestExecutionListener classes and their required dependencies available. Offending class: io.micrometer.context.ThreadLocalAccessor. MicrometerObservationRegistryTestExecutionListener requires io.micrometer:micrometer-observation:1.10.8 or higher and io.micrometer:context-propagation:1.0.3 or higher.
17:12:52.546 [Test worker] DEBUG org.springframework.boot.test.context.SpringBootTestContextBootstrapper -- Using TestExecutionListeners for test class [Boilerplate1ApplicationTests]: [ServletTestExecutionListener, DirtiesContextBeforeModesTestExecutionListener, ApplicationEventsTestExecutionListener, MockitoTestExecutionListener, DependencyInjectionTestExecutionListener, DirtiesContextTestExecutionListener, TransactionalTestExecutionListener, SqlScriptsTestExecutionListener, WithSecurityContextTestExecutionListener, EventPublishingTestExecutionListener, ReactorContextTestExecutionListener, RestDocsTestExecutionListener, MockRestServiceServerResetTestExecutionListener, MockMvcPrintOnlyOnFailureTestExecutionListener, WebDriverTestExecutionListener, MockWebServiceServerTestExecutionListener, ResetMocksTestExecutionListener]
17:12:52.547 [Test worker] DEBUG org.springframework.test.context.support.DirtiesContextBeforeModesTestExecutionListener -- Before test class: class [Boilerplate1ApplicationTests], class annotated with @DirtiesContext [false] with mode [null]

  .   ____          _            __ _ _
 /\\ / ___'_ __ _ _(_)_ __  __ _ \ \ \ \
( ( )\___ | '_ | '_| | '_ \/ _` | \ \ \ \
 \\/  ___)| |_)| | | | | || (_| |  ) ) ) )
  '  |____| .__|_| |_|_| |_\__, | / / / /
 =========|_|==============|___/=/_/_/_/
 :: Spring Boot ::      (v3.0.10-SNAPSHOT)

2023-07-26T17:12:52.926+09:00  INFO 3772 --- [    Test worker] c.t.p.b.Boilerplate1ApplicationTests     : Starting Boilerplate1ApplicationTests using Java 17.0.6 with PID 3772 (started by tj in D:\springboot-study\thejoeun1-boilerplate1\java-spring)
2023-07-26T17:12:52.928+09:00  INFO 3772 --- [    Test worker] c.t.p.b.Boilerplate1ApplicationTests     : No active profile set, falling back to 1 default profile: "default"
2023-07-26T17:12:53.788+09:00  INFO 3772 --- [    Test worker] .s.d.r.c.RepositoryConfigurationDelegate : Bootstrapping Spring Data JPA repositories in DEFAULT mode.
2023-07-26T17:12:53.917+09:00  INFO 3772 --- [    Test worker] .s.d.r.c.RepositoryConfigurationDelegate : Finished Spring Data repository scanning in 102 ms. Found 1 JPA repository interfaces.
2023-07-26T17:12:54.491+09:00  INFO 3772 --- [    Test worker] o.hibernate.jpa.internal.util.LogHelper  : HHH000204: Processing PersistenceUnitInfo [name: default]
2023-07-26T17:12:54.550+09:00  INFO 3772 --- [    Test worker] org.hibernate.Version                    : HHH000412: Hibernate ORM core version 6.1.7.Final
2023-07-26T17:12:54.912+09:00  INFO 3772 --- [    Test worker] com.zaxxer.hikari.HikariDataSource       : HikariPool-1 - Starting...
2023-07-26T17:12:55.032+09:00  INFO 3772 --- [    Test worker] com.zaxxer.hikari.pool.HikariPool        : HikariPool-1 - Added connection org.mariadb.jdbc.Connection@6f986501
2023-07-26T17:12:55.034+09:00  INFO 3772 --- [    Test worker] com.zaxxer.hikari.HikariDataSource       : HikariPool-1 - Start completed.
2023-07-26T17:12:55.078+09:00  INFO 3772 --- [    Test worker] SQL dialect                              : HHH000400: Using dialect: org.hibernate.dialect.MariaDBDialect
Hibernate: 
    
    drop table if exists member
Hibernate: 
    
    create table member (
       id bigint not null auto_increment,
        access_token varchar(2000),
        access_token_expire_in bigint,
        authority varchar(255),
        email varchar(255) not null,
        nickname varchar(255),
        password varchar(255),
        provider varchar(255),
        primary key (id)
    ) engine=InnoDB
2023-07-26T17:12:55.973+09:00  INFO 3772 --- [    Test worker] o.h.e.t.j.p.i.JtaPlatformInitiator       : HHH000490: Using JtaPlatform implementation: [org.hibernate.engine.transaction.jta.platform.internal.NoJtaPlatform]
2023-07-26T17:12:55.983+09:00  INFO 3772 --- [    Test worker] j.LocalContainerEntityManagerFactoryBean : Initialized JPA EntityManagerFactory for persistence unit 'default'
2023-07-26T17:12:56.494+09:00  WARN 3772 --- [    Test worker] JpaBaseConfiguration$JpaWebConfiguration : spring.jpa.open-in-view is enabled by default. Therefore, database queries may be performed during view rendering. Explicitly configure spring.jpa.open-in-view to disable this warning
2023-07-26T17:12:56.860+09:00  INFO 3772 --- [    Test worker] o.s.s.web.DefaultSecurityFilterChain     : Will secure any request with [org.springframework.security.web.session.DisableEncodeUrlFilter@2daf0cc9, org.springframework.security.web.context.request.async.WebAsyncManagerIntegrationFilter@54fffa5a, org.springframework.security.web.context.SecurityContextHolderFilter@50e4d8cd, org.springframework.security.web.header.HeaderWriterFilter@646ddc20, org.springframework.security.web.authentication.logout.LogoutFilter@da4c5cb, com.thejoeun.practice1.boilerplate1.config.jwt.JwtTokenAuthenticationFilter@407d2a01, org.springframework.security.web.savedrequest.RequestCacheAwareFilter@34114276, org.springframework.security.web.servletapi.SecurityContextHolderAwareRequestFilter@4ee19768, org.springframework.security.web.authentication.AnonymousAuthenticationFilter@461b38ca, org.springframework.security.web.session.SessionManagementFilter@32153bbe, org.springframework.security.web.access.ExceptionTranslationFilter@13e5b262, org.springframework.security.web.access.intercept.AuthorizationFilter@4d0d568f]
2023-07-26T17:12:56.875+09:00  WARN 3772 --- [    Test worker] o.s.s.c.a.web.builders.WebSecurity       : You are asking Spring Security to ignore org.springframework.boot.autoconfigure.security.servlet.PathRequest$H2ConsoleRequestMatcher@530d40b4. This is not recommended -- please use permitAll via HttpSecurity#authorizeHttpRequests instead.
2023-07-26T17:12:56.875+09:00  INFO 3772 --- [    Test worker] o.s.s.web.DefaultSecurityFilterChain     : Will not secure org.springframework.boot.autoconfigure.security.servlet.PathRequest$H2ConsoleRequestMatcher@530d40b4
2023-07-26T17:12:57.416+09:00  INFO 3772 --- [    Test worker] o.s.b.a.h2.H2ConsoleAutoConfiguration    : H2 console available at '/h2-console'. Database available at 'jdbc:mariadb://ec2-3-37-129-158.ap-northeast-2.compute.amazonaws.com/mydb?user=root&password=***'
2023-07-26T17:12:57.487+09:00  INFO 3772 --- [    Test worker] c.t.p.b.Boilerplate1ApplicationTests     : Started Boilerplate1ApplicationTests in 4.891 seconds (process running for 6.2)
]]></system-out>
  <system-err><![CDATA[]]></system-err>
</testsuite>
