<?xml version="1.0" encoding="UTF-8"?>
<testsuite name="com.thejoeun.practice1.boilerplate1.mybatis.MybatisTest" tests="2" skipped="0" failures="0" errors="0" timestamp="2023-07-26T08:12:58" hostname="DESKTOP-7H5A484" time="0.045">
  <properties/>
  <testcase name="mybatis 사용 가능 여부 테스트" classname="com.thejoeun.practice1.boilerplate1.mybatis.MybatisTest" time="0.003"/>
  <testcase name="mybatis 사용 가능 여부 테스트2" classname="com.thejoeun.practice1.boilerplate1.mybatis.MybatisTest" time="0.041"/>
  <system-out><![CDATA[2023-07-26T17:12:58.077+09:00  INFO 3772 --- [    Test worker] t.c.s.AnnotationConfigContextLoaderUtils : Could not detect default configuration classes for test class [com.thejoeun.practice1.boilerplate1.mybatis.MybatisTest]: MybatisTest does not declare any static, non-private, non-final, nested classes annotated with @Configuration.
2023-07-26T17:12:58.086+09:00  INFO 3772 --- [    Test worker] .b.t.c.SpringBootTestContextBootstrapper : Found @SpringBootConfiguration com.thejoeun.practice1.boilerplate1.Boilerplate1Application for test class com.thejoeun.practice1.boilerplate1.mybatis.MybatisTest
]]></system-out>
  <system-err><![CDATA[]]></system-err>
</testsuite>
