<?xml version="1.0" encoding="UTF-8"?>
<testsuite name="com.thejoeun.practice1.boilerplate1.jwt.JwtTest" tests="1" skipped="0" failures="0" errors="0" timestamp="2023-07-25T05:56:17" hostname="DESKTOP-FGQKVR9" time="0.08">
  <properties/>
  <testcase name="JWT 토큰 생성 테스트" classname="com.thejoeun.practice1.boilerplate1.jwt.JwtTest" time="0.08"/>
  <system-out><![CDATA[2023-07-25T14:56:17.553+09:00  INFO 19940 --- [    Test worker] t.c.s.AnnotationConfigContextLoaderUtils : Could not detect default configuration classes for test class [com.thejoeun.practice1.boilerplate1.jwt.JwtTest]: JwtTest does not declare any static, non-private, non-final, nested classes annotated with @Configuration.
2023-07-25T14:56:17.560+09:00  INFO 19940 --- [    Test worker] .b.t.c.SpringBootTestContextBootstrapper : Found @SpringBootConfiguration com.thejoeun.practice1.boilerplate1.Boilerplate1Application for test class com.thejoeun.practice1.boilerplate1.jwt.JwtTest
grant type: bearer
access token: eyJhbGciOiJIUzI1NiJ9.eyJleHAiOjE2OTAyNjYzNzcsInN1YiI6IjEiLCJhdXRoIjoiUk9MRV9VU0VSIn0.tOox9hos_Yt_I2JlloRg7Cc1hQpZakl6x0D-M9C5cog
access token expire time: 2023-07-25T15:26:17.565
]]></system-out>
  <system-err><![CDATA[]]></system-err>
</testsuite>
