<?xml version="1.0" encoding="UTF-8"?>
<testsuite name="com.thejoeun.practice1.boilerplate1.jwt.JwtTest" tests="1" skipped="0" failures="0" errors="0" timestamp="2023-07-26T08:12:58" hostname="DESKTOP-7H5A484" time="0.059">
  <properties/>
  <testcase name="JWT 토큰 생성 테스트" classname="com.thejoeun.practice1.boilerplate1.jwt.JwtTest" time="0.059"/>
  <system-out><![CDATA[2023-07-26T17:12:58.004+09:00  INFO 3772 --- [    Test worker] t.c.s.AnnotationConfigContextLoaderUtils : Could not detect default configuration classes for test class [com.thejoeun.practice1.boilerplate1.jwt.JwtTest]: JwtTest does not declare any static, non-private, non-final, nested classes annotated with @Configuration.
2023-07-26T17:12:58.011+09:00  INFO 3772 --- [    Test worker] .b.t.c.SpringBootTestContextBootstrapper : Found @SpringBootConfiguration com.thejoeun.practice1.boilerplate1.Boilerplate1Application for test class com.thejoeun.practice1.boilerplate1.jwt.JwtTest
grant type: bearer
access token: eyJhbGciOiJIUzI1NiJ9.eyJleHAiOjE2OTAzNjA5NzgsInN1YiI6IjEiLCJhdXRoIjoiUk9MRV9VU0VSIn0.Vb8LlmRq4rKdVe_L0au5Y0X-QG2-es1I7J-4c2IkcHg
access token expire time: 2023-07-26T17:42:58.015
]]></system-out>
  <system-err><![CDATA[]]></system-err>
</testsuite>
