<?xml version="1.0" encoding="UTF-8"?>
<testsuite name="com.thejoeun.practice1.boilerplate1.jpa.JpaTest" tests="1" skipped="0" failures="0" errors="0" timestamp="2023-07-25T05:56:17" hostname="DESKTOP-FGQKVR9" time="0.365">
  <properties/>
  <testcase name="jpa 사용 가능 여부 테스트" classname="com.thejoeun.practice1.boilerplate1.jpa.JpaTest" time="0.365"/>
  <system-out><![CDATA[2023-07-25T14:56:17.169+09:00  INFO 19940 --- [    Test worker] t.c.s.AnnotationConfigContextLoaderUtils : Could not detect default configuration classes for test class [com.thejoeun.practice1.boilerplate1.jpa.JpaTest]: JpaTest does not declare any static, non-private, non-final, nested classes annotated with @Configuration.
2023-07-25T14:56:17.180+09:00  INFO 19940 --- [    Test worker] .b.t.c.SpringBootTestContextBootstrapper : Found @SpringBootConfiguration com.thejoeun.practice1.boilerplate1.Boilerplate1Application for test class com.thejoeun.practice1.boilerplate1.jpa.JpaTest
Hibernate: 
    select
        m1_0.id,
        m1_0.access_token,
        m1_0.access_token_expire_in,
        m1_0.authority,
        m1_0.email,
        m1_0.nickname,
        m1_0.password,
        m1_0.provider 
    from
        member m1_0 
    where
        m1_0.id=?
Hibernate: 
    /* <criteria> */ select
        m1_0.id,
        m1_0.access_token,
        m1_0.access_token_expire_in,
        m1_0.authority,
        m1_0.email,
        m1_0.nickname,
        m1_0.password,
        m1_0.provider 
    from
        member m1_0
]]></system-out>
  <system-err><![CDATA[]]></system-err>
</testsuite>
